[2020-01-19 20:17:40,534] {cli.py:374} INFO - Running on host Yuki-Katoh-MacBook-Pro.local
[2020-01-19 20:17:50,572] {models.py:1197} INFO - Dependencies all met for <TaskInstance: pipeline.trainer 2015-07-20 00:00:00 [queued]>
[2020-01-19 20:17:50,576] {models.py:1197} INFO - Dependencies all met for <TaskInstance: pipeline.trainer 2015-07-20 00:00:00 [queued]>
[2020-01-19 20:17:50,576] {models.py:1407} INFO - 
--------------------------------------------------------------------------------
Starting attempt 1 of 2
--------------------------------------------------------------------------------

[2020-01-19 20:17:50,586] {models.py:1428} INFO - Executing <Task(PythonOperator): trainer> on 2015-07-20 00:00:00
[2020-01-19 20:17:50,586] {base_task_runner.py:115} INFO - Running: ['bash', '-c', 'airflow run pipeline trainer 2015-07-20T00:00:00 --job_id 102 --raw -sd DAGS_FOLDER/pipeline.py']
[2020-01-19 20:17:51,631] {base_task_runner.py:98} INFO - Subtask: [2020-01-19 20:17:51,631] {__init__.py:45} INFO - Using executor SequentialExecutor
[2020-01-19 20:17:51,755] {base_task_runner.py:98} INFO - Subtask: [2020-01-19 20:17:51,754] {models.py:189} INFO - Filling up the DagBag from /Users/yukikatoh/Documents/devops_nd/capstone/ml/dags/pipeline.py
[2020-01-19 20:18:02,481] {cli.py:374} INFO - Running on host Yuki-Katoh-MacBook-Pro.local
[2020-01-19 20:18:07,510] {base_task_runner.py:98} INFO - Subtask: [2020-01-19 20:18:07,510] {deprecation.py:323} WARNING - From /Users/yukikatoh/.pyenv/versions/3.6.8/lib/python3.6/site-packages/stable_baselines/common/policies.py:560: flatten (from tensorflow.python.layers.core) is deprecated and will be removed in a future version.
[2020-01-19 20:18:07,511] {base_task_runner.py:98} INFO - Subtask: Instructions for updating:
[2020-01-19 20:18:07,511] {base_task_runner.py:98} INFO - Subtask: Use keras.layers.flatten instead.
[2020-01-19 20:18:07,534] {base_task_runner.py:98} INFO - Subtask: [2020-01-19 20:18:07,534] {deprecation.py:323} WARNING - From /Users/yukikatoh/.pyenv/versions/3.6.8/lib/python3.6/site-packages/tensorflow/python/framework/op_def_library.py:263: colocate_with (from tensorflow.python.framework.ops) is deprecated and will be removed in a future version.
[2020-01-19 20:18:07,534] {base_task_runner.py:98} INFO - Subtask: Instructions for updating:
[2020-01-19 20:18:07,534] {base_task_runner.py:98} INFO - Subtask: Colocations handled automatically by placer.
[2020-01-19 20:18:07,921] {base_task_runner.py:98} INFO - Subtask: [2020-01-19 20:18:07,920] {deprecation.py:323} WARNING - From /Users/yukikatoh/.pyenv/versions/3.6.8/lib/python3.6/site-packages/tensorflow/python/ops/math_ops.py:3066: to_int32 (from tensorflow.python.ops.math_ops) is deprecated and will be removed in a future version.
[2020-01-19 20:18:07,921] {base_task_runner.py:98} INFO - Subtask: Instructions for updating:
[2020-01-19 20:18:07,921] {base_task_runner.py:98} INFO - Subtask: Use tf.cast instead.
[2020-01-19 20:18:08,054] {base_task_runner.py:98} INFO - Subtask: [2020-01-19 20:18:08,054] {deprecation.py:323} WARNING - From /Users/yukikatoh/.pyenv/versions/3.6.8/lib/python3.6/site-packages/tensorflow/python/ops/math_grad.py:102: div (from tensorflow.python.ops.math_ops) is deprecated and will be removed in a future version.
[2020-01-19 20:18:08,054] {base_task_runner.py:98} INFO - Subtask: Instructions for updating:
[2020-01-19 20:18:08,054] {base_task_runner.py:98} INFO - Subtask: Deprecated in favor of operator or tf.math.divide.
[2020-01-19 20:18:20,235] {base_task_runner.py:98} INFO - Subtask: [2020-01-19 20:18:20,235] {python_operator.py:90} INFO - Done. Returned value was: None
