[2020-01-19 19:52:39,274] {cli.py:374} INFO - Running on host Yuki-Katoh-MacBook-Pro.local
[2020-01-19 19:52:49,294] {models.py:1197} INFO - Dependencies all met for <TaskInstance: pipeline.trainer 2015-07-04 00:00:00 [queued]>
[2020-01-19 19:52:49,297] {models.py:1197} INFO - Dependencies all met for <TaskInstance: pipeline.trainer 2015-07-04 00:00:00 [queued]>
[2020-01-19 19:52:49,298] {models.py:1407} INFO - 
--------------------------------------------------------------------------------
Starting attempt 1 of 2
--------------------------------------------------------------------------------

[2020-01-19 19:52:49,306] {models.py:1428} INFO - Executing <Task(PythonOperator): trainer> on 2015-07-04 00:00:00
[2020-01-19 19:52:49,306] {base_task_runner.py:115} INFO - Running: ['bash', '-c', 'airflow run pipeline trainer 2015-07-04T00:00:00 --job_id 70 --raw -sd DAGS_FOLDER/pipeline.py']
[2020-01-19 19:52:49,861] {base_task_runner.py:98} INFO - Subtask: [2020-01-19 19:52:49,860] {__init__.py:45} INFO - Using executor SequentialExecutor
[2020-01-19 19:52:50,010] {base_task_runner.py:98} INFO - Subtask: [2020-01-19 19:52:50,010] {models.py:189} INFO - Filling up the DagBag from /Users/yukikatoh/Documents/devops_nd/capstone/ml/dags/pipeline.py
[2020-01-19 19:52:59,177] {cli.py:374} INFO - Running on host Yuki-Katoh-MacBook-Pro.local
[2020-01-19 19:53:04,226] {base_task_runner.py:98} INFO - Subtask: [2020-01-19 19:53:04,224] {deprecation.py:323} WARNING - From /Users/yukikatoh/.pyenv/versions/3.6.8/lib/python3.6/site-packages/stable_baselines/common/policies.py:560: flatten (from tensorflow.python.layers.core) is deprecated and will be removed in a future version.
[2020-01-19 19:53:04,226] {base_task_runner.py:98} INFO - Subtask: Instructions for updating:
[2020-01-19 19:53:04,226] {base_task_runner.py:98} INFO - Subtask: Use keras.layers.flatten instead.
[2020-01-19 19:53:04,264] {base_task_runner.py:98} INFO - Subtask: [2020-01-19 19:53:04,256] {deprecation.py:323} WARNING - From /Users/yukikatoh/.pyenv/versions/3.6.8/lib/python3.6/site-packages/tensorflow/python/framework/op_def_library.py:263: colocate_with (from tensorflow.python.framework.ops) is deprecated and will be removed in a future version.
[2020-01-19 19:53:04,265] {base_task_runner.py:98} INFO - Subtask: Instructions for updating:
[2020-01-19 19:53:04,265] {base_task_runner.py:98} INFO - Subtask: Colocations handled automatically by placer.
[2020-01-19 19:53:04,793] {base_task_runner.py:98} INFO - Subtask: [2020-01-19 19:53:04,792] {deprecation.py:323} WARNING - From /Users/yukikatoh/.pyenv/versions/3.6.8/lib/python3.6/site-packages/tensorflow/python/ops/math_ops.py:3066: to_int32 (from tensorflow.python.ops.math_ops) is deprecated and will be removed in a future version.
[2020-01-19 19:53:04,793] {base_task_runner.py:98} INFO - Subtask: Instructions for updating:
[2020-01-19 19:53:04,793] {base_task_runner.py:98} INFO - Subtask: Use tf.cast instead.
[2020-01-19 19:53:05,012] {base_task_runner.py:98} INFO - Subtask: [2020-01-19 19:53:05,012] {deprecation.py:323} WARNING - From /Users/yukikatoh/.pyenv/versions/3.6.8/lib/python3.6/site-packages/tensorflow/python/ops/math_grad.py:102: div (from tensorflow.python.ops.math_ops) is deprecated and will be removed in a future version.
[2020-01-19 19:53:05,013] {base_task_runner.py:98} INFO - Subtask: Instructions for updating:
[2020-01-19 19:53:05,013] {base_task_runner.py:98} INFO - Subtask: Deprecated in favor of operator or tf.math.divide.
[2020-01-19 19:53:13,089] {base_task_runner.py:98} INFO - Subtask: [2020-01-19 19:53:13,089] {python_operator.py:90} INFO - Done. Returned value was: None
