[2020-01-19 20:02:03,219] {cli.py:374} INFO - Running on host Yuki-Katoh-MacBook-Pro.local
[2020-01-19 20:02:13,244] {models.py:1197} INFO - Dependencies all met for <TaskInstance: pipeline.trainer 2015-07-10 00:00:00 [queued]>
[2020-01-19 20:02:13,247] {models.py:1197} INFO - Dependencies all met for <TaskInstance: pipeline.trainer 2015-07-10 00:00:00 [queued]>
[2020-01-19 20:02:13,247] {models.py:1407} INFO - 
--------------------------------------------------------------------------------
Starting attempt 1 of 2
--------------------------------------------------------------------------------

[2020-01-19 20:02:13,254] {models.py:1428} INFO - Executing <Task(PythonOperator): trainer> on 2015-07-10 00:00:00
[2020-01-19 20:02:13,254] {base_task_runner.py:115} INFO - Running: ['bash', '-c', 'airflow run pipeline trainer 2015-07-10T00:00:00 --job_id 82 --raw -sd DAGS_FOLDER/pipeline.py']
[2020-01-19 20:02:13,735] {base_task_runner.py:98} INFO - Subtask: [2020-01-19 20:02:13,735] {__init__.py:45} INFO - Using executor SequentialExecutor
[2020-01-19 20:02:13,817] {base_task_runner.py:98} INFO - Subtask: [2020-01-19 20:02:13,816] {models.py:189} INFO - Filling up the DagBag from /Users/yukikatoh/Documents/devops_nd/capstone/ml/dags/pipeline.py
[2020-01-19 20:02:21,661] {cli.py:374} INFO - Running on host Yuki-Katoh-MacBook-Pro.local
[2020-01-19 20:02:26,688] {base_task_runner.py:98} INFO - Subtask: [2020-01-19 20:02:26,688] {deprecation.py:323} WARNING - From /Users/yukikatoh/.pyenv/versions/3.6.8/lib/python3.6/site-packages/stable_baselines/common/policies.py:560: flatten (from tensorflow.python.layers.core) is deprecated and will be removed in a future version.
[2020-01-19 20:02:26,689] {base_task_runner.py:98} INFO - Subtask: Instructions for updating:
[2020-01-19 20:02:26,689] {base_task_runner.py:98} INFO - Subtask: Use keras.layers.flatten instead.
[2020-01-19 20:02:26,714] {base_task_runner.py:98} INFO - Subtask: [2020-01-19 20:02:26,711] {deprecation.py:323} WARNING - From /Users/yukikatoh/.pyenv/versions/3.6.8/lib/python3.6/site-packages/tensorflow/python/framework/op_def_library.py:263: colocate_with (from tensorflow.python.framework.ops) is deprecated and will be removed in a future version.
[2020-01-19 20:02:26,714] {base_task_runner.py:98} INFO - Subtask: Instructions for updating:
[2020-01-19 20:02:26,715] {base_task_runner.py:98} INFO - Subtask: Colocations handled automatically by placer.
[2020-01-19 20:02:27,186] {base_task_runner.py:98} INFO - Subtask: [2020-01-19 20:02:27,186] {deprecation.py:323} WARNING - From /Users/yukikatoh/.pyenv/versions/3.6.8/lib/python3.6/site-packages/tensorflow/python/ops/math_ops.py:3066: to_int32 (from tensorflow.python.ops.math_ops) is deprecated and will be removed in a future version.
[2020-01-19 20:02:27,187] {base_task_runner.py:98} INFO - Subtask: Instructions for updating:
[2020-01-19 20:02:27,187] {base_task_runner.py:98} INFO - Subtask: Use tf.cast instead.
[2020-01-19 20:02:27,350] {base_task_runner.py:98} INFO - Subtask: [2020-01-19 20:02:27,350] {deprecation.py:323} WARNING - From /Users/yukikatoh/.pyenv/versions/3.6.8/lib/python3.6/site-packages/tensorflow/python/ops/math_grad.py:102: div (from tensorflow.python.ops.math_ops) is deprecated and will be removed in a future version.
[2020-01-19 20:02:27,350] {base_task_runner.py:98} INFO - Subtask: Instructions for updating:
[2020-01-19 20:02:27,351] {base_task_runner.py:98} INFO - Subtask: Deprecated in favor of operator or tf.math.divide.
[2020-01-19 20:02:36,150] {base_task_runner.py:98} INFO - Subtask: [2020-01-19 20:02:36,150] {python_operator.py:90} INFO - Done. Returned value was: None
