[2020-01-19 19:55:45,991] {cli.py:374} INFO - Running on host Yuki-Katoh-MacBook-Pro.local
[2020-01-19 19:55:56,013] {models.py:1197} INFO - Dependencies all met for <TaskInstance: pipeline.trainer 2015-07-06 00:00:00 [queued]>
[2020-01-19 19:55:56,016] {models.py:1197} INFO - Dependencies all met for <TaskInstance: pipeline.trainer 2015-07-06 00:00:00 [queued]>
[2020-01-19 19:55:56,017] {models.py:1407} INFO - 
--------------------------------------------------------------------------------
Starting attempt 1 of 2
--------------------------------------------------------------------------------

[2020-01-19 19:55:56,024] {models.py:1428} INFO - Executing <Task(PythonOperator): trainer> on 2015-07-06 00:00:00
[2020-01-19 19:55:56,025] {base_task_runner.py:115} INFO - Running: ['bash', '-c', 'airflow run pipeline trainer 2015-07-06T00:00:00 --job_id 74 --raw -sd DAGS_FOLDER/pipeline.py']
[2020-01-19 19:55:56,530] {base_task_runner.py:98} INFO - Subtask: [2020-01-19 19:55:56,530] {__init__.py:45} INFO - Using executor SequentialExecutor
[2020-01-19 19:55:56,597] {base_task_runner.py:98} INFO - Subtask: [2020-01-19 19:55:56,597] {models.py:189} INFO - Filling up the DagBag from /Users/yukikatoh/Documents/devops_nd/capstone/ml/dags/pipeline.py
[2020-01-19 19:56:04,438] {cli.py:374} INFO - Running on host Yuki-Katoh-MacBook-Pro.local
[2020-01-19 19:56:09,471] {base_task_runner.py:98} INFO - Subtask: [2020-01-19 19:56:09,471] {deprecation.py:323} WARNING - From /Users/yukikatoh/.pyenv/versions/3.6.8/lib/python3.6/site-packages/stable_baselines/common/policies.py:560: flatten (from tensorflow.python.layers.core) is deprecated and will be removed in a future version.
[2020-01-19 19:56:09,471] {base_task_runner.py:98} INFO - Subtask: Instructions for updating:
[2020-01-19 19:56:09,471] {base_task_runner.py:98} INFO - Subtask: Use keras.layers.flatten instead.
[2020-01-19 19:56:09,487] {base_task_runner.py:98} INFO - Subtask: [2020-01-19 19:56:09,487] {deprecation.py:323} WARNING - From /Users/yukikatoh/.pyenv/versions/3.6.8/lib/python3.6/site-packages/tensorflow/python/framework/op_def_library.py:263: colocate_with (from tensorflow.python.framework.ops) is deprecated and will be removed in a future version.
[2020-01-19 19:56:09,487] {base_task_runner.py:98} INFO - Subtask: Instructions for updating:
[2020-01-19 19:56:09,487] {base_task_runner.py:98} INFO - Subtask: Colocations handled automatically by placer.
[2020-01-19 19:56:09,904] {base_task_runner.py:98} INFO - Subtask: [2020-01-19 19:56:09,904] {deprecation.py:323} WARNING - From /Users/yukikatoh/.pyenv/versions/3.6.8/lib/python3.6/site-packages/tensorflow/python/ops/math_ops.py:3066: to_int32 (from tensorflow.python.ops.math_ops) is deprecated and will be removed in a future version.
[2020-01-19 19:56:09,904] {base_task_runner.py:98} INFO - Subtask: Instructions for updating:
[2020-01-19 19:56:09,904] {base_task_runner.py:98} INFO - Subtask: Use tf.cast instead.
[2020-01-19 19:56:10,022] {base_task_runner.py:98} INFO - Subtask: [2020-01-19 19:56:10,022] {deprecation.py:323} WARNING - From /Users/yukikatoh/.pyenv/versions/3.6.8/lib/python3.6/site-packages/tensorflow/python/ops/math_grad.py:102: div (from tensorflow.python.ops.math_ops) is deprecated and will be removed in a future version.
[2020-01-19 19:56:10,023] {base_task_runner.py:98} INFO - Subtask: Instructions for updating:
[2020-01-19 19:56:10,023] {base_task_runner.py:98} INFO - Subtask: Deprecated in favor of operator or tf.math.divide.
[2020-01-19 19:56:17,003] {base_task_runner.py:98} INFO - Subtask: [2020-01-19 19:56:17,003] {python_operator.py:90} INFO - Done. Returned value was: None
