[2020-01-19 19:35:18,816] {cli.py:374} INFO - Running on host Yuki-Katoh-MacBook-Pro.local
[2020-01-19 19:35:28,838] {models.py:1197} INFO - Dependencies all met for <TaskInstance: pipeline.trainer 2015-06-23 00:00:00 [queued]>
[2020-01-19 19:35:28,842] {models.py:1197} INFO - Dependencies all met for <TaskInstance: pipeline.trainer 2015-06-23 00:00:00 [queued]>
[2020-01-19 19:35:28,842] {models.py:1407} INFO - 
--------------------------------------------------------------------------------
Starting attempt 1 of 2
--------------------------------------------------------------------------------

[2020-01-19 19:35:28,849] {models.py:1428} INFO - Executing <Task(PythonOperator): trainer> on 2015-06-23 00:00:00
[2020-01-19 19:35:28,850] {base_task_runner.py:115} INFO - Running: ['bash', '-c', 'airflow run pipeline trainer 2015-06-23T00:00:00 --job_id 48 --raw -sd DAGS_FOLDER/pipeline.py']
[2020-01-19 19:35:29,384] {base_task_runner.py:98} INFO - Subtask: [2020-01-19 19:35:29,383] {__init__.py:45} INFO - Using executor SequentialExecutor
[2020-01-19 19:35:29,455] {base_task_runner.py:98} INFO - Subtask: [2020-01-19 19:35:29,455] {models.py:189} INFO - Filling up the DagBag from /Users/yukikatoh/Documents/devops_nd/capstone/ml/dags/pipeline.py
[2020-01-19 19:35:37,651] {cli.py:374} INFO - Running on host Yuki-Katoh-MacBook-Pro.local
[2020-01-19 19:35:42,677] {base_task_runner.py:98} INFO - Subtask: [2020-01-19 19:35:42,677] {deprecation.py:323} WARNING - From /Users/yukikatoh/.pyenv/versions/3.6.8/lib/python3.6/site-packages/stable_baselines/common/policies.py:560: flatten (from tensorflow.python.layers.core) is deprecated and will be removed in a future version.
[2020-01-19 19:35:42,677] {base_task_runner.py:98} INFO - Subtask: Instructions for updating:
[2020-01-19 19:35:42,678] {base_task_runner.py:98} INFO - Subtask: Use keras.layers.flatten instead.
[2020-01-19 19:35:42,695] {base_task_runner.py:98} INFO - Subtask: [2020-01-19 19:35:42,695] {deprecation.py:323} WARNING - From /Users/yukikatoh/.pyenv/versions/3.6.8/lib/python3.6/site-packages/tensorflow/python/framework/op_def_library.py:263: colocate_with (from tensorflow.python.framework.ops) is deprecated and will be removed in a future version.
[2020-01-19 19:35:42,695] {base_task_runner.py:98} INFO - Subtask: Instructions for updating:
[2020-01-19 19:35:42,695] {base_task_runner.py:98} INFO - Subtask: Colocations handled automatically by placer.
[2020-01-19 19:35:43,054] {base_task_runner.py:98} INFO - Subtask: [2020-01-19 19:35:43,054] {deprecation.py:323} WARNING - From /Users/yukikatoh/.pyenv/versions/3.6.8/lib/python3.6/site-packages/tensorflow/python/ops/math_ops.py:3066: to_int32 (from tensorflow.python.ops.math_ops) is deprecated and will be removed in a future version.
[2020-01-19 19:35:43,054] {base_task_runner.py:98} INFO - Subtask: Instructions for updating:
[2020-01-19 19:35:43,055] {base_task_runner.py:98} INFO - Subtask: Use tf.cast instead.
[2020-01-19 19:35:43,186] {base_task_runner.py:98} INFO - Subtask: [2020-01-19 19:35:43,185] {deprecation.py:323} WARNING - From /Users/yukikatoh/.pyenv/versions/3.6.8/lib/python3.6/site-packages/tensorflow/python/ops/math_grad.py:102: div (from tensorflow.python.ops.math_ops) is deprecated and will be removed in a future version.
[2020-01-19 19:35:43,186] {base_task_runner.py:98} INFO - Subtask: Instructions for updating:
[2020-01-19 19:35:43,186] {base_task_runner.py:98} INFO - Subtask: Deprecated in favor of operator or tf.math.divide.
[2020-01-19 19:35:51,546] {base_task_runner.py:98} INFO - Subtask: [2020-01-19 19:35:51,546] {python_operator.py:90} INFO - Done. Returned value was: None
