[2020-01-19 19:29:04,566] {cli.py:374} INFO - Running on host Yuki-Katoh-MacBook-Pro.local
[2020-01-19 19:29:14,586] {models.py:1197} INFO - Dependencies all met for <TaskInstance: pipeline.trainer 2015-06-19 00:00:00 [queued]>
[2020-01-19 19:29:14,589] {models.py:1197} INFO - Dependencies all met for <TaskInstance: pipeline.trainer 2015-06-19 00:00:00 [queued]>
[2020-01-19 19:29:14,589] {models.py:1407} INFO - 
--------------------------------------------------------------------------------
Starting attempt 1 of 2
--------------------------------------------------------------------------------

[2020-01-19 19:29:14,598] {models.py:1428} INFO - Executing <Task(PythonOperator): trainer> on 2015-06-19 00:00:00
[2020-01-19 19:29:14,598] {base_task_runner.py:115} INFO - Running: ['bash', '-c', 'airflow run pipeline trainer 2015-06-19T00:00:00 --job_id 40 --raw -sd DAGS_FOLDER/pipeline.py']
[2020-01-19 19:29:15,484] {base_task_runner.py:98} INFO - Subtask: [2020-01-19 19:29:15,484] {__init__.py:45} INFO - Using executor SequentialExecutor
[2020-01-19 19:29:15,615] {base_task_runner.py:98} INFO - Subtask: [2020-01-19 19:29:15,615] {models.py:189} INFO - Filling up the DagBag from /Users/yukikatoh/Documents/devops_nd/capstone/ml/dags/pipeline.py
[2020-01-19 19:29:25,297] {cli.py:374} INFO - Running on host Yuki-Katoh-MacBook-Pro.local
[2020-01-19 19:29:30,326] {base_task_runner.py:98} INFO - Subtask: [2020-01-19 19:29:30,326] {deprecation.py:323} WARNING - From /Users/yukikatoh/.pyenv/versions/3.6.8/lib/python3.6/site-packages/stable_baselines/common/policies.py:560: flatten (from tensorflow.python.layers.core) is deprecated and will be removed in a future version.
[2020-01-19 19:29:30,327] {base_task_runner.py:98} INFO - Subtask: Instructions for updating:
[2020-01-19 19:29:30,327] {base_task_runner.py:98} INFO - Subtask: Use keras.layers.flatten instead.
[2020-01-19 19:29:30,351] {base_task_runner.py:98} INFO - Subtask: [2020-01-19 19:29:30,350] {deprecation.py:323} WARNING - From /Users/yukikatoh/.pyenv/versions/3.6.8/lib/python3.6/site-packages/tensorflow/python/framework/op_def_library.py:263: colocate_with (from tensorflow.python.framework.ops) is deprecated and will be removed in a future version.
[2020-01-19 19:29:30,351] {base_task_runner.py:98} INFO - Subtask: Instructions for updating:
[2020-01-19 19:29:30,351] {base_task_runner.py:98} INFO - Subtask: Colocations handled automatically by placer.
[2020-01-19 19:29:30,809] {base_task_runner.py:98} INFO - Subtask: [2020-01-19 19:29:30,809] {deprecation.py:323} WARNING - From /Users/yukikatoh/.pyenv/versions/3.6.8/lib/python3.6/site-packages/tensorflow/python/ops/math_ops.py:3066: to_int32 (from tensorflow.python.ops.math_ops) is deprecated and will be removed in a future version.
[2020-01-19 19:29:30,809] {base_task_runner.py:98} INFO - Subtask: Instructions for updating:
[2020-01-19 19:29:30,809] {base_task_runner.py:98} INFO - Subtask: Use tf.cast instead.
[2020-01-19 19:29:30,945] {base_task_runner.py:98} INFO - Subtask: [2020-01-19 19:29:30,945] {deprecation.py:323} WARNING - From /Users/yukikatoh/.pyenv/versions/3.6.8/lib/python3.6/site-packages/tensorflow/python/ops/math_grad.py:102: div (from tensorflow.python.ops.math_ops) is deprecated and will be removed in a future version.
[2020-01-19 19:29:30,945] {base_task_runner.py:98} INFO - Subtask: Instructions for updating:
[2020-01-19 19:29:30,946] {base_task_runner.py:98} INFO - Subtask: Deprecated in favor of operator or tf.math.divide.
[2020-01-19 19:29:38,613] {base_task_runner.py:98} INFO - Subtask: [2020-01-19 19:29:38,613] {python_operator.py:90} INFO - Done. Returned value was: None
